This is pdfTeX, Version 3.141592653-2.6-1.40.22 (TeX Live 2022/dev/Debian) (preloaded format=pdflatex 2026.3.9)  9 MAR 2026 06:59
entering extended mode
 restricted \write18 enabled.
 %&-line parsing enabled.
**poster.tex
(/usr/share/texlive/texmf-dist/tex/generic/poster-mac/poster.tex
LaTeX2e <2021-11-15> patch level 1
L3 programming layer <2022-01-21>   v1.1  10/05/15  <tvz>
\@posterbox=\box50
\poster@savedbox=\box51
\poster@cropbox=\box52
)
! Emergency stop.
<*> poster.tex
              
*** (job aborted, no legal \end found)

 
Here is how much of TeX's memory you used:
 77 strings out of 480171
 1337 string characters out of 5894490
 284206 words of memory out of 5000000
 18129 multiletter control sequences out of 15000+600000
 469259 words of font info for 28 fonts, out of 8000000 for 9000
 59 hyphenation exceptions out of 8191
 13i,0n,12p,90b,10s stack positions out of 5000i,500n,10000p,200000b,80000s
!  ==> Fatal error occurred, no output PDF file produced!
